0.000782
0.01041
0.061752
0.181566
0.396729
0.75878
1.29129
1.96476
2.91236
4.05288
4.55268
4.85165
5.45756
5.17145
6.30645
7.54154
9.15624
10.9424
12.893
15.1851
17.6908
20.5321
23.4065
26.6392
30.2739
34.8622
38.4005
43.0174
47.8681
52.9706
58.8553
65.4854
71.4851
78.0895
85.2754
93.3129
101.277
109.863
119.403
128.697
139.359
149.913
161.698
173.608
187.076
199.346
212.493
227.163
241.39
256.584
279.225
290.013
308.036
325.705
346.233
367.269
388.65
435.012
431.465
455.446
478.401
507.41
531.321
590.089
586.125
617.129
643.946
695.771
719.028
757.978
806.266
852.17
889.34
935.763
974.67
1017.33
1038.79
1108.2
1157.23
1187.85
1251.19
1285.14
1324.88
1385.26
1443.4
1505.38
1550.54
1600.82
1666.85
1676.65
1791.93
1855.09
1917.72
1981.87
2050.34
2068.59
2189.5
2261.71
2330.66
2401.3
2479.76
2554.5
2645.55
2725.21
2816.11
2891.94
2987.41
3081.42
3084.08
3265.29
3368.3
3440.25
3559.83
3656.68
3601.14
3870.11
3974.98
4081.46
4196.7
4316.46
4432.03
4370.65
4677.4
4776.71
4837.33
5016.2
5141.75
4998.46
5392.56
5540.06
5580.88
5783.41
5945.15
6056.53
6201.73
6365.81
6484.06
6538.74
6813.65
6933.54
6732.3
7239.76
7397.23
7455.75
7719.57
7920.2
7741.48
8222.62
8435.63
8564.53
8737.46
8958.26
9104.43
9310.03
9523.09
9657.89
9696.54
10034.4
10225.9
10025.6
10640
10899.9
10879.1
11256.3
11526.5
11682.6
11909.6
12202.2
12351.3
12402.7
12879.2
13033.6
12748.3
13503.4
13746.9
13790.8
14229
14556.8
13977.9
14949.4
15333.6
15511.6
15754.4
16124.7
16268.2
15916.6
16937.1
17123
17155.6
17679.9
17969.8
17326.7
18527
18943.6
18868.8
19455.7
19886.9
20083.4
20400.5
20835.6
21036.8
21042.2
21807.3
22019.9
29253.8
22676.1
23008.5
23036.7
23690.2
24160.2
23401.4
24722.9
25225.4
25443.2
25782.5
26284.3
26503.9
25575
27406.6
27645.7
27603.3
28374.2
28774
28075.8
29568.9
30151.9
29914.8
30756.3
31360.1
31595.1
32012.8
32593.3
32853.2
32800
33876.9
34125.1
32292.9
35035.2
35483.5
35449
36382
37039.4
35913
37771
38470.1
38705.7
39198.9
39928.9
40156
39574.2
41456.9
41644.7
41822.1
42660.3
43589
55058.6
44450.8
45738.6
45073
46800.8
46664
48995.8
47496.5
50003.5
48578.5
50061.6
50127
51644.9
49975.8
54618.1
52477.8
51816.5
53578.1
54134.7
57320.9
54931.5
58369.7
56839.9
57770.6
58895
59621.9
61571.3
60948.3
62737.3
60784.7
64358.7
65222.5
62508.9
66747.6
65829.6
64808.1
68392.7
68477.2
70382.4
71359.7
72027.7
73366.4
71725.5
72862.4
73332.2
