0.000423
0.006091
0.03422
0.107481
0.30954
0.579956
0.969667
1.5253
2.24164
3.1437
3.16485
3.82799
4.7002
4.94818
6.14601
7.53826
9.14601
10.9235
12.8913
15.2272
17.6477
20.4369
23.4071
26.6567
30.3318
34.7525
38.3426
56.6855
47.8338
53.0689
58.8131
65.5721
71.4559
77.9887
85.2742
93.3672
113.821
109.955
127.366
128.633
139.19
149.348
161.671
173.576
199.088
207.038
226.054
228.331
250.218
256.482
279.179
305.642
308.123
326.211
346.355
379.539
393.838
434.555
431.539
475.76
478.45
522.38
539.524
590.244
610.271
617.553
662.914
710.123
722.176
768.494
835.77
867.261
907.059
932.784
976.027
1024.22
1053.06
1130.47
1158.05
1189.58
1268.65
1309.26
1345.42
1431.88
1480.26
1539.67
1562.79
1643.23
1695.88
1713.94
1824.21
1918.93
1941.92
2018.37
2066.51
2101.21
2231.84
2316.34
2372.17
2473.61
2513.09
2602.39
2686.74
2789.68
2893.62
2964.86
3036.41
3175.11
3099.45
3358.98
3417.45
3501.12
3612.04
3724.38
3674.13
3945.06
4067.71
4121.12
4264.53
4422.65
4457.99
4453.67
4755.76
4899.24
4914.12
5143.66
5242.33
5086.94
5480.72
5650.5
5685.66
5902.8
6079.05
6171.1
6345.45
6523.41
6611.99
6628.88
6930.69
7085.58
6881.83
7379.73
7573.65
7576.95
7925.31
8092.96
7924.37
8401.36
8556.5
8710.63
8856.48
9117.37
9202.04
9182.43
9551.07
9685.89
9724.22
10072.6
10260.7
10094.7
10678
10940.3
10903
11286.7
11567.7
11726.9
11962.1
12247.6
12405.1
12440.4
12926.2
13090.8
12776.7
13559.8
13791.9
13822.2
14277.2
14603.1
14018.7
15021.4
15385.8
15569.5
15803.7
16170.9
16325.5
15949.4
16993.7
17183.4
17189.8
17738.3
18022.5
17385
18587.9
19002
18908
19535.6
19963.9
20173.4
20491.6
20913.7
21126.3
21108.8
20344.6
22114.4
29574.3
22783
23119.2
23090.2
23794.6
24252.1
23465.4
24824.7
25328.5
25593.8
25927.2
26425
26649.8
25694.3
27546.8
27801.2
27702.8
28510.2
28934.6
28176.2
29721.9
30280.2
30020.5
30903.4
31486.5
31730.2
32144.8
32732.8
33019.9
32910.3
34020.1
34304.5
33505.8
35029.8
35487.3
35465.7
36388.4
37031.7
35908.5
37781.4
38471.1
38722
39217.1
39905.6
40158
40294.2
42168.6
42068.2
42535.7
43686.8
44734
56165.1
45886.8
47005.9
46269.3
48038.3
47533.5
50122.2
48358.2
51323.4
49876.6
51045.5
51419.7
52971.1
51114.5
55811.7
53953.5
52950.1
55305.8
55702
58542.8
56524.2
60409.4
58774.4
58763.9
61285.6
60769.7
62330.9
62882.8
64409.3
61299.7
64780.9
65607.9
62782.5
67136.8
66182
65044.7
68728.5
68916.4
70794.7
71983.4
72529.1
74713.6
72119
73271.2
73778.2
74458.5
76758.2
78085
77068.9
75632.2
81145.8
110577
82519.7
83841.7
85731.8
85400.3
85908.4
86559.7
86876.4
89080.3
89027.7
88699.3
91505.6
92663.8
92147.5
94297.9
95726.2
94680
97089.7
98525.2
99005.4
100029
102084
102174
101587
104425
105612
114339
107232
108816
108016
110389
100149
111378
113312
115609
116483
117001
119777
119397
119323
122263
123168
121879
125970
126328
124726
128762
130616
129156
132312
133429
134790
137051
137837
138962
136660
127116
143292
141622
144853
145745
145383
148769
150471
149546
150504
154171
154966
156417
157948
158085
156857
163026
164614
162373
167091
164850
192766
172361
173928
170713
173074
174862
177943
179885
181280
182656
179341
186580
188579
187285
190620
191780
185147
165965
196919
194082
199019
200986
201618
202943
214593
207252
274682
211130
212544
208073
215509
218286
188226
221777
222616
215019
224718
227135
227780
231062
232844
234185
231086
240621
239086
235633
206717
244491
240946
246751
248268
299492
249300
251614
252777
254776
255857
256342
238083
262695
263396
260694
267309
269108
270100
271702
275282
271888
278812
281079
240529
283461
286114
287620
284868
292644
293904
390205
297942
299475
284094
303574
306134
303093
310173
313186
314126
316557
318761
319069
315084
325675
326484
322816
331398
333392
330365
337268
339230
335689
295803
347253
349604
351743
354988
356057
350469
360692
363535
307262
368430
371041
365270
375318
378494
386741
382694
