0.00039
0.00719
0.04279
0.125407
0.276461
0.541273
0.88224
1.37917
2.01107
2.84473
2.9555
3.82933
4.61869
5.20103
6.47472
7.9342
9.60155
11.4413
13.5914
15.9596
18.6028
21.3468
24.5842
28.1117
32.036
49.408
40.8977
45.1576
50.2793
55.8658
61.7772
68.2677
75.0338
82.4493
90.653
98.6734
107.643
132.308
133.966
147.599
150.916
179.845
174.983
189.274
210.638
218.27
232.812
249.933
281.475
279.806
301.373
316.86
339.96
357.014
394.453
398.355
420.913
462.913
468.164
491.036
518.654
549.59
570.169
602.62
642.874
663.055
712.111
751.409
800.995
828.706
877.393
921.987
958.348
1007.58
1057.58
1109.29
1157.91
1222.04
1252.71
1307.56
1378.86
1413.47
1501.85
1553.59
1617.01
1685.88
1682.29
1811.55
1876.18
1845.15
2029.57
2081.17
2153.99
2253.21
2253.7
2379.58
2457.59
2484.92
2642.92
2705.35
2790.58
2902.99
3629.26
3052.03
3141.49
3092.76
3356.13
3418.51
3520.37
3653.32
3627.63
3818.62
3924.97
3934.12
4171.17
4249.41
4360.12
4510.01
4390.38
4703.91
4827.31
4695.61
5113.18
5195.97
5323.66
5503.16
5447.92
5716.79
5853.49
5846.21
6183.12
6272.59
6417.38
6620.57
6390.85
6869.52
7021.64
6874.9
7393.3
7491.43
7655.89
7895.27
7808.45
8164.21
8334.78
8300.1
8760.61
8867.34
9048.38
9306.92
9041.78
9616.14
9800.16
12142.8
10283
10393.8
10594.5
10910.4
10753
11218.6
11443.8
11360.4
11978.7
12092
12316
12639.2
12218.4
13017.7
13239
12938.7
13849.8
13989.7
14210.8
14602.6
14393.7
14976.4
15250.3
15120.1
15914.9
16038.1
16304.2
16729
16194.7
17227.9
17448.3
17040.5
18224.9
18359.2
18934
19118.2
18813.2
19680.8
19870.8
19683.3
20894
20875
21561.6
22027.1
21106.4
22475
22869.5
22237.1
23773.4
23981.4
23988.6
24589.6
26257.2
25045.7
25468
26266
26459.6
26562.5
26943.3
27642.4
26813.6
28206.9
29100.9
28446.3
29690.9
29983.7
31456.5
31136
30454.2
31846.8
32728.9
31765.3
33386.9
34397.7
34327.7
34881.8
41250.3
36298.9
36295
35512
37374.2
37653.2
39943.6
39173.8
37975.3
40186.8
40949.2
39710.1
41993.5
42272
43235
44204.4
42759.2
44658.6
45390
45454.9
47909.6
48023.5
48122.8
48976.8
48343.1
50267.7
50781.4
50385.1
54017
53736
55510.1
56749.5
53587.2
56242.2
57204.4
56631.3
58614
58362.7
60162.5
65348.6
59317.8
61919.6
67347.3
61029.7
63810.4
65504.7
66152.8
66952.1
65239.8
71261
70529.5
86567.6
73779.6
73132.1
74128.5
77841.4
72572.8
78092.1
78449
75759.7
82335.3
82428.5
83474
85856.5
86058.4
87123.9
87406.8
83642.8
89850.3
90885
