0.000596
0.010509
0.077007
0.188526
0.41455
0.795763
1.33179
2.08038
3.02496
3.11867
3.87396
4.45425
4.29703
5.37228
6.47131
7.92253
9.62754
11.4543
13.6084
15.9532
18.6239
21.3588
24.5735
28.1176
32.044
36.9328
40.4047
45.1507
50.2588
55.8358
61.75
68.242
75.0351
82.4581
90.6117
98.6806
107.61
117.384
133.931
139.249
150.985
168.483
175.024
189.205
203.396
218.135
232.717
248.902
263.785
279.807
301.436
314.75
339.899
356.811
394.359
399.007
420.247
461.68
466.684
490.292
517.84
548.022
566.731
611.25
640.926
667.285
708.306
752.751
796.442
832.622
878.465
917.98
966.177
1009.4
1058.14
1117.25
1173.93
1227.2
1257.69
1316.56
1387.91
1418.79
1509.32
1569.94
1628.18
1702.82
1690.78
1822.29
1886.14
1851.59
2040.28
2092.99
2164.47
2265.05
2262.64
2395.24
2471.62
2487
2658.04
2721.51
2806.16
2919.96
3715.28
3067.63
3159.91
3101.88
3376.01
3441.69
3540.73
3688.45
3639.13
3842.21
3948.61
3947.47
4199.72
4274.64
4388.19
4539.48
4408.14
4734.19
4856.32
4721.16
5147.04
5230.7
5356.92
5541.98
5466.05
5752.26
5908.18
5983.18
6352.37
6422.33
6497.98
6742.36
6480.47
7009.83
7171.96
7038.62
7625.65
7705.47
7908.06
8073.78
8009.04
8409.9
8571.52
8390.69
8928.48
9169.09
9289.29
9543.03
9187.24
9845.01
10051.9
12432
10570.6
10636.2
10841.2
11194.5
11023.4
11378.2
11470.4
11412.4
12011.5
12143.8
12360.5
12686.2
12291.7
13050.1
13320.6
12964.1
13921.8
14087
14311.3
14697.2
14427.4
15027.1
15300.7
15150.4
16023.6
16164.7
16380.3
16872.1
16249.3
17270.8
17498.3
17077.5
18263.5
18438.1
19012.7
19178
18900
19828.4
19940.3
19733.5
21038.3
21001.4
21277.7
21859.8
20927.9
22264.1
22852.8
22359.2
23927.6
24133.3
24434.1
25318.2
26845.4
25597.8
25542.8
26303.3
26620.9
26786.5
27165.7
28475.2
27336.1
28279
29301.8
28377.9
29882.8
30312.2
31654.3
31399.2
30533.1
32006.3
33018.9
31815.3
33617.2
34650.5
34544.7
35170.2
41433.5
36634.8
36503.7
35645.2
37601.5
37886.8
40094.1
39374.5
38096.7
40662.1
41359.2
40325.6
42444
43011.2
43702.3
44532.5
42916
45216.4
46164.7
45538.9
48449
48675.9
46872.2
49856.9
49033.8
50885.8
51598
50498.3
53496.2
53477.9
55588.5
56851.4
53551.9
56773.5
56766.1
56223
58023.9
57804.5
59317.2
68069.8
63660
68036.1
67834.9
62485.3
71283.8
69312.3
73430.4
67933.8
67097
80703.3
76026.6
88617.8
79094.8
80382.7
80163.5
85120.7
78464.9
84706.4
86791.7
79682
88231.7
89859.4
90605.2
90929
88241
88409.7
90611.2
87435
100624
99026.2
90713.1
93343.7
88702.9
94597.3
95372.8
91578.7
99301.9
100189
101224
103603
97671.3
105054
106763
102275
110732
111149
113096
102636
107455
116276
118682
111066
122752
123083
124275
126767
118214
128776
130070
121280
134330
135149
135710
138658
127977
144867
158879
138898
162807
163930
165464
168075
145436
170099
154967
160190
160343
159874
162049
164949
150330
166248
168079
144204
173972
174720
175970
180972
218843
183881
184905
167182
189179
189373
188999
194066
174395
195752
198066
179145
202825
202712
205135
212917
190925
217488
218159
197069
219449
218955
195998
224910
199531
226716
230342
206556
235260
236407
238814
243471
218765
246758
246653
219886
249965
251793
254197
259219
229348
259825
261675
235414
231470
270308
271357
276562
243629
279124
281699
342113
287934
287739
289997
294543
260574
296231
300111
266625
308089
306449
282624
312818
341165
316651
317045
282439
323461
326142
333595
340090
295452
335860
339100
297469
344938
347071
318903
355045
312393
359005
358421
329814
367043
365244
369416
375310
327947
384554
392854
340730
395242
388066
390652
395397
364333
398725
400297
355462
411191
410058
411769
418894
364743
420859
375137
373579
433745
433231
437072
449341
390661
449770
448274
502691
458589
457378
403604
470967
407250
469780
474138
412881
481516
482369
488861
501545
573187
438642
494344
437681
507225
506380
512154
520942
448983
518782
526834
436893
532281
534516
