250.296
0.302173
0.261318
0.255043
0.272404
0.254547
0.253415
0.263838
0.253894
0.264551
0.265612
0.272025
0.26919
0.26864
0.276359
0.278486
0.277058
0.292252
0.288886
0.287053
0.301733
0.299828
0.304876
0.320799
0.320818
0.335947
0.325571
0.330769
0.335961
0.346451
0.36117
0.357217
0.379008
0.378103
0.402991
0.399031
0.406922
0.427572
0.453413
0.462446
0.469528
0.45923
0.465252
0.465812
0.483551
0.495899
0.52101
0.515681
0.53261
0.548039
0.549058
0.565869
0.575517
0.593351
0.606532
0.616674
0.639844
0.64977
0.678295
0.68885
0.700279
0.696527
0.747205
0.771171
0.75865
0.778979
0.789476
0.798443
0.827819
0.841029
0.869647
0.891426
0.917479
0.92565
0.949034
1.05854
1.02822
1.02617
1.04721
1.06474
1.11782
1.09477
1.12442
1.13442
1.41408
1.42168
1.47382
1.51867
1.53008
1.5414
1.5699
1.58414
1.61738
1.63842
1.67048
1.70958
1.72909
1.75818
1.76943
1.82013
1.86133
1.90866
1.93111
2.2062
2.22058
2.23715
2.25798
2.26421
2.34203
2.3415
2.35647
2.33826
2.41449
2.45455
2.50726
2.48295
2.5063
2.55247
2.56298
2.58807
2.6009
2.62789
2.7107
2.71093
2.75534
2.81366
2.86908
2.88437
2.98258
3.01427
3.03161
3.05958
3.13291
3.20921
3.22663
3.25744
3.36415
3.40968
3.42047
3.45223
3.51208
3.65782
3.62374
3.66754
3.82673
4.04015
4.00929
4.05347
4.0891
4.17399
4.19634
4.23144
4.27295
4.32569
4.37524
4.39245
4.42909
4.5507
4.53024
4.57547
4.65305
4.75487
4.75931
4.81161
4.88165
4.968
4.9893
5.18577
5.25132
5.33598
5.2989
5.91023
5.77688
6.0731
9.82738
6.01183
6.17965
5.98736
6.04442
6.07365
6.2145
6.21648
6.3013
6.40771
6.40506
6.46847
6.62231
6.64823
6.74366
6.87725
6.92088
7.00649
7.13598
7.33487
7.39698
7.39835
7.57477
7.59703
7.6923
7.90694
8.00573
8.14712
8.29373
8.33023
8.57172
8.78111
8.96645
9.06595
9.28323
9.36569
10.0509
9.43481
9.78352
9.81862
10.0677
10.2151
10.379
10.4759
10.7181
10.765
10.9667
10.9237
11.7846
11.0384
11.3239
11.4539
11.6263
11.5476
11.7666
12.0887
12.2351
12.3603
12.5477
12.6755
12.8611
12.8751
14.0878
13.46
13.476
13.3585
13.7378
13.746
13.9854
13.7323
14.3205
14.3704
14.6318
14.7239
15.9943
15.1414
15.4575
15.3884
15.7609
16.0151
16.0697
16.1198
16.5492
16.6923
16.7846
16.6414
17.2437
17.3823
17.6599
17.737
17.8276
18.0131
18.3726
18.1636
18.6377
18.8786
19.0343
18.8167
19.3647
19.395
19.5736
19.1517
20.0123
20.0005
20.3634
20.3797
20.675
20.8869
21.296
21.1124
21.5858
21.9459
22.1508
22.0775
22.6041
22.5499
22.8189
22.3318
23.3594
23.4937
23.6353
23.7488
24.1257
24.2361
24.6886
24.3872
