213.825
0.356707
0.311824
0.305289
0.338574
0.315786
0.310055
0.321973
0.309416
0.312129
0.318307
0.3144
0.318039
0.337735
0.338299
0.336461
0.335512
0.361483
0.354879
0.34958
0.349359
0.362136
0.350846
0.362655
0.363628
0.377855
0.356749
0.369108
0.369075
0.380409
0.373805
0.384805
0.393376
0.403552
0.412007
0.414566
0.416179
0.426818
0.427524
0.440222
0.444225
0.45807
0.467557
0.467882
0.473046
0.478159
0.502127
0.506027
0.515026
0.522633
0.547226
0.55206
0.577865
0.575465
0.588946
0.594459
0.600872
0.609555
0.64064
0.650494
0.650911
0.663284
0.684067
0.685686
0.704386
0.713505
0.735761
0.743966
0.763435
0.774184
0.815277
0.833509
0.84239
0.84129
0.890867
0.889174
0.903292
0.908008
0.952818
0.958871
1.00195
0.992946
1.00628
1.02369
1.31956
1.36047
1.37759
1.40103
1.40371
1.43802
1.46124
1.94686
2.68934
2.65682
2.15212
2.18034
2.24448
1.96075
1.97758
1.98731
1.97505
1.98769
1.99819
2.41791
2.35197
2.39517
2.38303
2.43644
2.42536
2.5092
2.47412
2.5072
2.55923
2.59429
2.61548
2.6334
2.66129
2.68848
2.65591
2.73828
2.74337
2.77091
2.84746
2.86592
2.92426
2.9806
2.99804
3.05499
3.12567
3.12287
3.19229
3.19716
3.30004
3.29321
3.36213
3.43346
3.49023
3.54667
3.60544
3.59783
3.69935
3.74373
3.78764
3.84164
3.89628
4.0054
4.01133
4.02251
4.06594
4.15707
4.15775
4.22203
4.2264
4.34938
4.32033
4.34887
4.43977
4.49466
4.4941
4.57716
4.58774
4.707
4.70575
4.70398
4.82588
4.93532
4.91573
5.04338
5.09571
5.16478
5.24268
5.83699
5.65837
5.94229
6.00226
6.03317
6.16534
6.00726
6.10488
6.10407
6.19339
6.25577
6.33755
6.4406
6.52138
6.60778
6.72656
6.71844
6.84149
6.90135
7.02679
7.14456
7.26644
7.41883
7.46656
7.47008
7.6367
7.66352
7.77815
8.01294
8.14744
8.20959
8.39942
8.41027
8.55142
8.84032
8.89668
9.03834
9.25605
9.38631
9.42441
9.40054
9.78681
9.89626
10.0747
10.1932
10.3777
10.4438
10.7298
10.6727
10.909
10.9583
11.0623
11.1073
11.4123
11.5567
11.7156
11.5899
11.8371
12.2056
12.3637
13.2455
13.9795
19.6926
17.1071
16.9798
16.5853
17.7506
19.2835
19.1185
19.4461
19.3197
19.363
18.9544
19.4803
20.5461
20.5679
21.1376
21.0637
20.5852
20.6298
21.2064
21.2978
21.5024
22.8986
22.7124
23.9348
24.1262
24.1212
23.6893
24.2107
24.1338
24.1651
24.1579
25.2758
25.3604
25.4759
25.1586
26.8983
28.4312
18.9908
19.8851
20.5433
20.5679
20.9328
20.4969
21.0603
21.2831
21.4343
22.8199
22.0914
23.1483
22.5559
23.6031
24.0327
23.0637
23.3227
22.4453
24.0349
27.1926
22.7169
23.1308
23.921
23.2619
23.5666
23.7234
24.5323
24.1014
24.6214
24.2496
24.8884
25.1719
25.3414
25.3646
26.0027
26.0665
26.3807
25.5765
26.8193
26.8651
27.2041
27.2278
27.8598
27.9223
28.4451
28.0237
28.8829
29.2163
29.5
29.4161
30.2172
30.3375
30.7017
29.7867
31.2203
31.3641
36.0158
47.4096
48.9877
48.9994
50.8246
48.4386
50.9027
50.9208
52.2079
51.7705
52.4952
52.3725
54.9822
51.8892
54.857
54.8695
56.0318
55.3504
44.9735
39.406
39.6932
38.8159
42.9518
40.9239
42.182
41.2978
42.5418
43.624
44.6494
45.9082
41.6653
42.7449
42.2139
42.0897
43.0499
43.0468
43.7457
42.6046
44.4048
44.7053
45.1905
44.8025
46.1388
45.9719
46.3327
44.0056
47.2639
47.2922
47.8445
47.587
48.6891
48.872
71.6078
74.6585
78.9023
78.9613
79.3387
78.9343
81.2406
81.2997
82.78
76.7366
84.699
84.0915
87.4816
56.7334
56.7097
58.3915
57.8567
57.3264
59.293
59.9292
76.9413
58.0015
58.6423
59.5421
59.2405
55.8345
60.2211
60.2506
61.1522
61.5372
61.977
61.7089
62.486
60.9242
63.674
63.9437
65.3639
65.3808
105.083
104.701
104.941
98.3525
108.075
107.472
108.727
108.341
110.694
110.802
73.8383
71.3208
75.2829
75.1591
76.0178
76.3624
75.1313
75.483
75.1798
69.3308
75.3907
75.2138
77.4427
75.389
78.2223
77.9374
78.8636
76.0726
79.672
80.125
132.417
127.303
131.069
131.739
133.94
121.378
134.608
135.368
109.78
88.1078
91.1994
89.6905
93.4463
103.731
90.3498
89.8933
90.0454
88.6854
91.4828
91.2948
92.1675
85.2322
93.456
93.5114
94.67
95.9155
156.234
154.314
156.92
150.154
158.908
159.874
161.026
99.3023
105.829
104.259
106.598
115.727
104.835
104.805
104.594
103.731
105.924
105.831
107.313
103.749
108.579
108.942
155.014
175.909
181.662
180.906
182.961
163.853
